<?xml version="1.0" encoding="UTF-8"?>
<!-- Generated by org.testng.reporters.JUnitReportReporter -->
<testsuite skipped="0" hostname="DESKTOP-320Q1I8" name="com.talentech.test.GetAllEmployeeRecords" tests="1" failures="0" timestamp="07 Jun 2020 03:54:03 GMT" time="3.082" errors="0">
  <testcase name="GetAllEmployeeRecord" time="3.082" classname="com.talentech.test.GetAllEmployeeRecords"/>
</testsuite> <!-- com.talentech.test.GetAllEmployeeRecords -->
