<?xml version="1.0" encoding="UTF-8"?>
<!-- Generated by org.testng.reporters.JUnitReportReporter -->
<testsuite skipped="0" hostname="DESKTOP-320Q1I8" name="SaturdayRestAssuredAPI.SaturdayRestAssuredAPI.GetAllEmployeeRecords" tests="1" failures="0" timestamp="12 Sep 2019 15:47:52 GMT" time="2.020" errors="0">
  <testcase name="GetAllEmployeeRecord" time="2.020" classname="SaturdayRestAssuredAPI.SaturdayRestAssuredAPI.GetAllEmployeeRecords"/>
</testsuite> <!-- SaturdayRestAssuredAPI.SaturdayRestAssuredAPI.GetAllEmployeeRecords -->
